<?xml version="1.0" encoding="UTF-8"?>
<robot generator="Robot 7.4.1 (Python 3.14.2 on win32)" generated="2026-01-05T22:41:12.567460" rpa="false" schemaversion="5">
<suite id="s1" name="Teste" source="C:\Users\KarinaPacheco\Documents\TRILHA_QA\robot-framework\teste.robot">
<test id="s1-t1" name="CenÃ¡rio 1: Acessando o site do Qazando" line="43">
<kw name="Abrir Site">
<kw name="Open Browser" owner="SeleniumLibrary">
<msg time="2026-01-05T22:41:12.746898" level="INFO">Opening browser 'chrome' to base url 'https://automationpractice.com.br/'.</msg>
<msg time="2026-01-05T22:41:14.608666" level="INFO" html="true">&lt;/td&gt;&lt;/tr&gt;&lt;tr&gt;&lt;td colspan="3"&gt;&lt;a href="selenium-screenshot-8.png"&gt;&lt;img src="selenium-screenshot-8.png" width="800px"&gt;&lt;/a&gt;</msg>
<msg time="2026-01-05T22:41:14.609426" level="FAIL">WebDriverException: Message: unknown error: net::ERR_NAME_NOT_RESOLVED
  (Session info: chrome=143.0.7499.170)
Stacktrace:
Symbols not available. Dumping unresolved backtrace:
	0x7ff64cdc88e5
	0x7ff64cdc8940
	0x7ff64cba165d
	0x7ff64cb9e1dd
	0x7ff64cb8eb69
	0x7ff64cb90974
	0x7ff64cb8f10f
	0x7ff64cb8e871
	0x7ff64cb8e5bd
	0x7ff64cb8c20a
	0x7ff64cb8c9f2
	0x7ff64cba5950
	0x7ff64cc4bad4
	0x7ff64cc21fda
	0x7ff64cc4ac97
	0x7ff64cbeac29
	0x7ff64cbeba93
	0x7ff64d0e0640
	0x7ff64d0daf80
	0x7ff64d0f96e6
	0x7ff64cde5de4
	0x7ff64cdeed8c
	0x7ff64cdd2004
	0x7ff64cdd21b5
	0x7ff64cdb7ee2
	0x7ffc8c44e8d7
	0x7ffc8d12c53c
</msg>
<arg>${SITE_URL}</arg>
<arg>chrome</arg>
<doc>Opens a new browser instance to the optional ``url``.</doc>
<status status="FAIL" start="2026-01-05T22:41:12.746609" elapsed="1.874976">WebDriverException: Message: unknown error: net::ERR_NAME_NOT_RESOLVED
  (Session info: chrome=143.0.7499.170)
Stacktrace:
Symbols not available. Dumping unresolved backtrace:
	0x7ff64cdc88e5
	0x7ff64cdc8940
	0x7ff64cba165d
	0x7ff64cb9e1dd
	0x7ff64cb8eb69
	0x7ff64cb90974
	0x7ff64cb8f10f
	0x7ff64cb8e871
	0x7ff64cb8e5bd
	0x7ff64cb8c20a
	0x7ff64cb8c9f2
	0x7ff64cba5950
	0x7ff64cc4bad4
	0x7ff64cc21fda
	0x7ff64cc4ac97
	0x7ff64cbeac29
	0x7ff64cbeba93
	0x7ff64d0e0640
	0x7ff64d0daf80
	0x7ff64d0f96e6
	0x7ff64cde5de4
	0x7ff64cdeed8c
	0x7ff64cdd2004
	0x7ff64cdd21b5
	0x7ff64cdb7ee2
	0x7ffc8c44e8d7
	0x7ffc8d12c53c
</status>
</kw>
<status status="FAIL" start="2026-01-05T22:41:12.745787" elapsed="1.876628">WebDriverException: Message: unknown error: net::ERR_NAME_NOT_RESOLVED
  (Session info: chrome=143.0.7499.170)
Stacktrace:
Symbols not available. Dumping unresolved backtrace:
	0x7ff64cdc88e5
	0x7ff64cdc8940
	0x7ff64cba165d
	0x7ff64cb9e1dd
	0x7ff64cb8eb69
	0x7ff64cb90974
	0x7ff64cb8f10f
	0x7ff64cb8e871
	0x7ff64cb8e5bd
	0x7ff64cb8c20a
	0x7ff64cb8c9f2
	0x7ff64cba5950
	0x7ff64cc4bad4
	0x7ff64cc21fda
	0x7ff64cc4ac97
	0x7ff64cbeac29
	0x7ff64cbeba93
	0x7ff64d0e0640
	0x7ff64d0daf80
	0x7ff64d0f96e6
	0x7ff64cde5de4
	0x7ff64cdeed8c
	0x7ff64cdd2004
	0x7ff64cdd21b5
	0x7ff64cdb7ee2
	0x7ffc8c44e8d7
	0x7ffc8d12c53c
</status>
</kw>
<kw name="Aguardar carregamento">
<arg>3s</arg>
<status status="NOT RUN" start="2026-01-05T22:41:14.623798" elapsed="0.000191"/>
</kw>
<kw name="Print">
<status status="NOT RUN" start="2026-01-05T22:41:14.625036" elapsed="0.000137"/>
</kw>
<kw name="Clicar em login">
<status status="NOT RUN" start="2026-01-05T22:41:14.626015" elapsed="0.000123"/>
</kw>
<kw name="Aguardar carregamento">
<arg>1s</arg>
<status status="NOT RUN" start="2026-01-05T22:41:14.626966" elapsed="0.000123"/>
</kw>
<kw name="Digitar email">
<status status="NOT RUN" start="2026-01-05T22:41:14.627928" elapsed="0.000118"/>
</kw>
<kw name="Digitar Senha">
<status status="NOT RUN" start="2026-01-05T22:41:14.628766" elapsed="0.000110"/>
</kw>
<kw name="Aguardar carregamento">
<arg>1s</arg>
<status status="NOT RUN" start="2026-01-05T22:41:14.629487" elapsed="0.000084"/>
</kw>
<kw name="Print">
<status status="NOT RUN" start="2026-01-05T22:41:14.629983" elapsed="0.000055"/>
</kw>
<kw name="Clicar em Logar">
<status status="NOT RUN" start="2026-01-05T22:41:14.630956" elapsed="0.000079"/>
</kw>
<kw name="Aguardar carregamento">
<arg>15s</arg>
<status status="NOT RUN" start="2026-01-05T22:41:14.631545" elapsed="0.000083"/>
</kw>
<kw name="Print">
<status status="NOT RUN" start="2026-01-05T22:41:14.632041" elapsed="0.000064"/>
</kw>
<kw name="Verificar Login Sucesso">
<status status="NOT RUN" start="2026-01-05T22:41:14.632457" elapsed="0.000057"/>
</kw>
<tag>Teste1</tag>
<status status="FAIL" start="2026-01-05T22:41:12.744766" elapsed="1.888203">WebDriverException: Message: unknown error: net::ERR_NAME_NOT_RESOLVED
  (Session info: chrome=143.0.7499.170)
Stacktrace:
Symbols not available. Dumping unresolved backtrace:
	0x7ff64cdc88e5
	0x7ff64cdc8940
	0x7ff64cba165d
	0x7ff64cb9e1dd
	0x7ff64cb8eb69
	0x7ff64cb90974
	0x7ff64cb8f10f
	0x7ff64cb8e871
	0x7ff64cb8e5bd
	0x7ff64cb8c20a
	0x7ff64cb8c9f2
	0x7ff64cba5950
	0x7ff64cc4bad4
	0x7ff64cc21fda
	0x7ff64cc4ac97
	0x7ff64cbeac29
	0x7ff64cbeba93
	0x7ff64d0e0640
	0x7ff64d0daf80
	0x7ff64d0f96e6
	0x7ff64cde5de4
	0x7ff64cdeed8c
	0x7ff64cdd2004
	0x7ff64cdd21b5
	0x7ff64cdb7ee2
	0x7ffc8c44e8d7
	0x7ffc8d12c53c
</status>
</test>
<status status="FAIL" start="2026-01-05T22:41:12.569337" elapsed="2.066332"/>
</suite>
<statistics>
<total>
<stat pass="0" fail="1" skip="0">All Tests</stat>
</total>
<tag>
<stat pass="0" fail="1" skip="0">Teste1</stat>
</tag>
<suite>
<stat name="Teste" id="s1" pass="0" fail="1" skip="0">Teste</stat>
</suite>
</statistics>
<errors>
</errors>
</robot>
