<?xml version="1.0" encoding="UTF-8"?>
<robot generator="Robot 7.4.1 (Python 3.14.2 on win32)" generated="2026-01-05T22:06:40.236321" rpa="false" schemaversion="5">
<suite id="s1" name="Teste" source="C:\Users\KarinaPacheco\Documents\TRILHA_QA\robot-framework\teste.robot">
<test id="s1-t1" name="Cenário 1: Acessando o site do Qazando" line="39">
<kw name="Abrir Site">
<kw name="Open Browser" owner="SeleniumLibrary">
<msg time="2026-01-05T22:06:40.383834" level="INFO">Opening browser 'chrome' to base url 'https://automationpratice.com.br/'.</msg>
<arg>${SITE_URL}</arg>
<arg>chrome</arg>
<doc>Opens a new browser instance to the optional ``url``.</doc>
<status status="PASS" start="2026-01-05T22:06:40.383599" elapsed="1.732121"/>
</kw>
<status status="PASS" start="2026-01-05T22:06:40.382950" elapsed="1.732914"/>
</kw>
<kw name="Aguardar carregamento">
<kw name="Sleep" owner="BuiltIn">
<msg time="2026-01-05T22:06:47.117743" level="INFO">Slept 5 seconds.</msg>
<arg>5s</arg>
<doc>Pauses the test executed for the given time.</doc>
<status status="PASS" start="2026-01-05T22:06:42.116645" elapsed="5.001423"/>
</kw>
<status status="PASS" start="2026-01-05T22:06:42.116372" elapsed="5.001963"/>
</kw>
<kw name="Capture Page Screenshot" owner="SeleniumLibrary">
<msg time="2026-01-05T22:06:47.224748" level="INFO" html="true">&lt;/td&gt;&lt;/tr&gt;&lt;tr&gt;&lt;td colspan="3"&gt;&lt;a href="selenium-screenshot-7.png"&gt;&lt;img src="selenium-screenshot-7.png" width="800px"&gt;&lt;/a&gt;</msg>
<doc>Takes a screenshot of the current page and embeds it into a log file.</doc>
<status status="PASS" start="2026-01-05T22:06:47.119541" elapsed="0.105307"/>
</kw>
<kw name="Clicar em login">
<kw name="Click Element" owner="SeleniumLibrary">
<msg time="2026-01-05T22:06:47.225824" level="INFO">Clicking element 'xpath://a[@href='/login']'.</msg>
<arg>xpath://a[@href='/login']</arg>
<doc>Click the element identified by ``locator``.</doc>
<status status="PASS" start="2026-01-05T22:06:47.225543" elapsed="0.105510"/>
</kw>
<status status="PASS" start="2026-01-05T22:06:47.225290" elapsed="0.105979"/>
</kw>
<kw name="Aguardar carregamento">
<kw name="Sleep" owner="BuiltIn">
<msg time="2026-01-05T22:06:52.333635" level="INFO">Slept 5 seconds.</msg>
<arg>5s</arg>
<doc>Pauses the test executed for the given time.</doc>
<status status="PASS" start="2026-01-05T22:06:47.332514" elapsed="5.001706"/>
</kw>
<status status="PASS" start="2026-01-05T22:06:47.331843" elapsed="5.002686"/>
</kw>
<kw name="Digitar email">
<kw name="Input Text" owner="SeleniumLibrary">
<msg time="2026-01-05T22:06:52.336554" level="INFO">Typing text 'karinapacheco@teste.com' into text field 'id:user'.</msg>
<arg>id:user</arg>
<arg>karinapacheco@teste.com</arg>
<doc>Types the given ``text`` into the text field identified by ``locator``.</doc>
<status status="PASS" start="2026-01-05T22:06:52.336158" elapsed="0.277260"/>
</kw>
<status status="PASS" start="2026-01-05T22:06:52.335411" elapsed="0.278256"/>
</kw>
<kw name="Digitar Senha">
<kw name="Input Text" owner="SeleniumLibrary">
<msg time="2026-01-05T22:06:52.615587" level="INFO">Typing text '123456' into text field 'id:password'.</msg>
<arg>id:password</arg>
<arg>123456</arg>
<doc>Types the given ``text`` into the text field identified by ``locator``.</doc>
<status status="PASS" start="2026-01-05T22:06:52.615191" elapsed="0.186294"/>
</kw>
<status status="PASS" start="2026-01-05T22:06:52.614648" elapsed="0.187066"/>
</kw>
<kw name="Aguardar carregamento">
<kw name="Sleep" owner="BuiltIn">
<msg time="2026-01-05T22:06:57.804300" level="INFO">Slept 5 seconds.</msg>
<arg>5s</arg>
<doc>Pauses the test executed for the given time.</doc>
<status status="PASS" start="2026-01-05T22:06:52.803169" elapsed="5.001519"/>
</kw>
<status status="PASS" start="2026-01-05T22:06:52.802547" elapsed="5.002422"/>
</kw>
<kw name="Capture Page Screenshot" owner="SeleniumLibrary">
<msg time="2026-01-05T22:06:57.926907" level="INFO" html="true">&lt;/td&gt;&lt;/tr&gt;&lt;tr&gt;&lt;td colspan="3"&gt;&lt;a href="selenium-screenshot-8.png"&gt;&lt;img src="selenium-screenshot-8.png" width="800px"&gt;&lt;/a&gt;</msg>
<doc>Takes a screenshot of the current page and embeds it into a log file.</doc>
<status status="PASS" start="2026-01-05T22:06:57.806742" elapsed="0.120335"/>
</kw>
<kw name="Clicar em Logar">
<kw name="Click Element" owner="SeleniumLibrary">
<msg time="2026-01-05T22:06:57.939353" level="INFO">Clicking element 'id:btnLogin'.</msg>
<arg>id:btnLogin</arg>
<doc>Click the element identified by ``locator``.</doc>
<status status="PASS" start="2026-01-05T22:06:57.938626" elapsed="0.197478"/>
</kw>
<status status="PASS" start="2026-01-05T22:06:57.930693" elapsed="0.205760"/>
</kw>
<kw name="Aguardar carregamento">
<kw name="Sleep" owner="BuiltIn">
<msg time="2026-01-05T22:07:03.139797" level="INFO">Slept 5 seconds.</msg>
<arg>5s</arg>
<doc>Pauses the test executed for the given time.</doc>
<status status="PASS" start="2026-01-05T22:06:58.138022" elapsed="5.002005"/>
</kw>
<status status="PASS" start="2026-01-05T22:06:58.137235" elapsed="5.002983"/>
</kw>
<kw name="Capture Page Screenshot" owner="SeleniumLibrary">
<msg time="2026-01-05T22:07:03.270275" level="INFO" html="true">&lt;/td&gt;&lt;/tr&gt;&lt;tr&gt;&lt;td colspan="3"&gt;&lt;a href="selenium-screenshot-9.png"&gt;&lt;img src="selenium-screenshot-9.png" width="800px"&gt;&lt;/a&gt;</msg>
<doc>Takes a screenshot of the current page and embeds it into a log file.</doc>
<status status="PASS" start="2026-01-05T22:07:03.141394" elapsed="0.129073"/>
</kw>
<kw name="Verificar Login Sucesso">
<kw name="Get Text" owner="SeleniumLibrary">
<msg time="2026-01-05T22:07:03.323890" level="INFO">${textoAtual} = Login realizado</msg>
<var>${textoAtual}</var>
<arg>id:swal2-title</arg>
<doc>Returns the text value of the element identified by ``locator``.</doc>
<status status="PASS" start="2026-01-05T22:07:03.271959" elapsed="0.052019"/>
</kw>
<kw name="Should Be Equal As Strings" owner="BuiltIn">
<arg>${textoAtual}</arg>
<arg>Login realizado</arg>
<doc>Fails if objects are unequal after converting them to strings.</doc>
<status status="PASS" start="2026-01-05T22:07:03.324254" elapsed="0.000772"/>
</kw>
<status status="PASS" start="2026-01-05T22:07:03.271351" elapsed="0.053858"/>
</kw>
<tag>Teste1</tag>
<status status="PASS" start="2026-01-05T22:06:40.382216" elapsed="22.943697"/>
</test>
<status status="PASS" start="2026-01-05T22:06:40.237832" elapsed="23.089880"/>
</suite>
<statistics>
<total>
<stat pass="1" fail="0" skip="0">All Tests</stat>
</total>
<tag>
<stat pass="1" fail="0" skip="0">Teste1</stat>
</tag>
<suite>
<stat name="Teste" id="s1" pass="1" fail="0" skip="0">Teste</stat>
</suite>
</statistics>
<errors>
</errors>
</robot>
