<?xml version="1.0" encoding="UTF-8"?>
<robot generator="Robot 7.4.1 (Python 3.14.2 on win32)" generated="2026-01-05T22:07:45.297171" rpa="false" schemaversion="5">
<suite id="s1" name="Teste" source="C:\Users\KarinaPacheco\Documents\TRILHA_QA\robot-framework\teste.robot">
<test id="s1-t1" name="Cenário 1: Acessando o site do Qazando" line="39">
<kw name="Abrir Site">
<kw name="Open Browser" owner="SeleniumLibrary">
<msg time="2026-01-05T22:07:45.430579" level="INFO">Opening browser 'chrome' to base url 'https://automationpratice.com.br/'.</msg>
<arg>${SITE_URL}</arg>
<arg>chrome</arg>
<doc>Opens a new browser instance to the optional ``url``.</doc>
<status status="PASS" start="2026-01-05T22:07:45.430357" elapsed="1.623231"/>
</kw>
<status status="PASS" start="2026-01-05T22:07:45.429735" elapsed="1.623995"/>
</kw>
<kw name="Aguardar carregamento">
<kw name="Sleep" owner="BuiltIn">
<msg time="2026-01-05T22:07:52.055286" level="INFO">Slept 5 seconds.</msg>
<arg>5s</arg>
<doc>Pauses the test executed for the given time.</doc>
<status status="PASS" start="2026-01-05T22:07:47.054530" elapsed="5.000908"/>
</kw>
<status status="PASS" start="2026-01-05T22:07:47.054201" elapsed="5.001375"/>
</kw>
<kw name="Capture Page Screenshot" owner="SeleniumLibrary">
<msg time="2026-01-05T22:07:52.153149" level="INFO" html="true">&lt;/td&gt;&lt;/tr&gt;&lt;tr&gt;&lt;td colspan="3"&gt;&lt;a href="selenium-screenshot-1.png"&gt;&lt;img src="selenium-screenshot-1.png" width="800px"&gt;&lt;/a&gt;</msg>
<doc>Takes a screenshot of the current page and embeds it into a log file.</doc>
<status status="PASS" start="2026-01-05T22:07:52.056069" elapsed="0.097184"/>
</kw>
<kw name="Clicar em login">
<kw name="Click Element" owner="SeleniumLibrary">
<msg time="2026-01-05T22:07:52.154147" level="INFO">Clicking element 'xpath://a[@href='/login']'.</msg>
<arg>xpath://a[@href='/login']</arg>
<doc>Click the element identified by ``locator``.</doc>
<status status="PASS" start="2026-01-05T22:07:52.153891" elapsed="0.128777"/>
</kw>
<status status="PASS" start="2026-01-05T22:07:52.153641" elapsed="0.129215"/>
</kw>
<kw name="Aguardar carregamento">
<kw name="Sleep" owner="BuiltIn">
<msg time="2026-01-05T22:07:57.285121" level="INFO">Slept 5 seconds.</msg>
<arg>5s</arg>
<doc>Pauses the test executed for the given time.</doc>
<status status="PASS" start="2026-01-05T22:07:52.284001" elapsed="5.001481"/>
</kw>
<status status="PASS" start="2026-01-05T22:07:52.283494" elapsed="5.002263"/>
</kw>
<kw name="Digitar email">
<kw name="Input Text" owner="SeleniumLibrary">
<msg time="2026-01-05T22:07:57.288199" level="INFO">Typing text 'karinapacheco@teste.com' into text field 'id:user'.</msg>
<arg>id:user</arg>
<arg>karinapacheco@teste.com</arg>
<doc>Types the given ``text`` into the text field identified by ``locator``.</doc>
<status status="PASS" start="2026-01-05T22:07:57.287656" elapsed="0.159012"/>
</kw>
<status status="PASS" start="2026-01-05T22:07:57.286748" elapsed="0.160142"/>
</kw>
<kw name="Digitar Senha">
<kw name="Input Text" owner="SeleniumLibrary">
<msg time="2026-01-05T22:07:57.448214" level="INFO">Typing text '123456' into text field 'id:password'.</msg>
<arg>id:password</arg>
<arg>123456</arg>
<doc>Types the given ``text`` into the text field identified by ``locator``.</doc>
<status status="PASS" start="2026-01-05T22:07:57.447935" elapsed="0.159552"/>
</kw>
<status status="PASS" start="2026-01-05T22:07:57.447526" elapsed="0.160078"/>
</kw>
<kw name="Aguardar carregamento">
<kw name="Sleep" owner="BuiltIn">
<msg time="2026-01-05T22:08:02.609064" level="INFO">Slept 5 seconds.</msg>
<arg>5s</arg>
<doc>Pauses the test executed for the given time.</doc>
<status status="PASS" start="2026-01-05T22:07:57.608361" elapsed="5.000848"/>
</kw>
<status status="PASS" start="2026-01-05T22:07:57.608095" elapsed="5.001238"/>
</kw>
<kw name="Capture Page Screenshot" owner="SeleniumLibrary">
<msg time="2026-01-05T22:08:02.694531" level="INFO" html="true">&lt;/td&gt;&lt;/tr&gt;&lt;tr&gt;&lt;td colspan="3"&gt;&lt;a href="selenium-screenshot-2.png"&gt;&lt;img src="selenium-screenshot-2.png" width="800px"&gt;&lt;/a&gt;</msg>
<doc>Takes a screenshot of the current page and embeds it into a log file.</doc>
<status status="PASS" start="2026-01-05T22:08:02.609736" elapsed="0.084915"/>
</kw>
<kw name="Clicar em Logar">
<kw name="Click Element" owner="SeleniumLibrary">
<msg time="2026-01-05T22:08:02.695552" level="INFO">Clicking element 'id:btnLogin'.</msg>
<arg>id:btnLogin</arg>
<doc>Click the element identified by ``locator``.</doc>
<status status="PASS" start="2026-01-05T22:08:02.695395" elapsed="0.087034"/>
</kw>
<status status="PASS" start="2026-01-05T22:08:02.695156" elapsed="0.087455"/>
</kw>
<kw name="Aguardar carregamento">
<kw name="Sleep" owner="BuiltIn">
<msg time="2026-01-05T22:08:07.789621" level="INFO">Slept 5 seconds.</msg>
<arg>5s</arg>
<doc>Pauses the test executed for the given time.</doc>
<status status="PASS" start="2026-01-05T22:08:02.783913" elapsed="5.005875"/>
</kw>
<status status="PASS" start="2026-01-05T22:08:02.783427" elapsed="5.006516"/>
</kw>
<kw name="Capture Page Screenshot" owner="SeleniumLibrary">
<msg time="2026-01-05T22:08:07.910275" level="INFO" html="true">&lt;/td&gt;&lt;/tr&gt;&lt;tr&gt;&lt;td colspan="3"&gt;&lt;a href="selenium-screenshot-3.png"&gt;&lt;img src="selenium-screenshot-3.png" width="800px"&gt;&lt;/a&gt;</msg>
<doc>Takes a screenshot of the current page and embeds it into a log file.</doc>
<status status="PASS" start="2026-01-05T22:08:07.790779" elapsed="0.119650"/>
</kw>
<kw name="Verificar Login Sucesso">
<kw name="Get Text" owner="SeleniumLibrary">
<msg time="2026-01-05T22:08:07.954080" level="INFO">${textoAtual} = Login realizado</msg>
<var>${textoAtual}</var>
<arg>id:swal2-title</arg>
<doc>Returns the text value of the element identified by ``locator``.</doc>
<status status="PASS" start="2026-01-05T22:08:07.911341" elapsed="0.042797"/>
</kw>
<kw name="Should Be Equal As Strings" owner="BuiltIn">
<arg>${textoAtual}</arg>
<arg>Login realizado</arg>
<doc>Fails if objects are unequal after converting them to strings.</doc>
<status status="PASS" start="2026-01-05T22:08:07.954324" elapsed="0.000439"/>
</kw>
<status status="PASS" start="2026-01-05T22:08:07.910960" elapsed="0.043899"/>
</kw>
<tag>Teste1</tag>
<status status="PASS" start="2026-01-05T22:07:45.429077" elapsed="22.526268"/>
</test>
<status status="PASS" start="2026-01-05T22:07:45.299071" elapsed="22.657757"/>
</suite>
<statistics>
<total>
<stat pass="1" fail="0" skip="0">All Tests</stat>
</total>
<tag>
<stat pass="1" fail="0" skip="0">Teste1</stat>
</tag>
<suite>
<stat name="Teste" id="s1" pass="1" fail="0" skip="0">Teste</stat>
</suite>
</statistics>
<errors>
</errors>
</robot>
